<?xml version="1.0" encoding="UTF-8"?>
<!-- Generated by org.testng.reporters.JUnitXMLReporter -->
<testsuite hostname="LAPTOP-Q9BAQ8TT" ignored="0" name="Default test" tests="3" failures="0" timestamp="28 Dec 2019 18:24:52 GMT" time="10.098" errors="0">
  <testcase name="addEmployees" time="6.05" classname="com.qa.APIdatadriven.DataDrivenApiTest"/>
  <testcase name="addEmployees" time="0.87" classname="com.qa.APIdatadriven.DataDrivenApiTest"/>
  <testcase name="addEmployees" time="0.603" classname="com.qa.APIdatadriven.DataDrivenApiTest"/>
</testsuite> <!-- Default test -->
