<?xml version="1.0" encoding="UTF-8"?>
<testng-results skipped="0" failed="0" ignored="0" total="3" passed="3">
  <reporter-output>
  </reporter-output>
  <suite name="Default suite" duration-ms="10098" started-at="2019-12-28T18:24:41Z" finished-at="2019-12-28T18:24:52Z">
    <groups>
    </groups>
    <test name="Default test" duration-ms="10098" started-at="2019-12-28T18:24:41Z" finished-at="2019-12-28T18:24:52Z">
      <class name="com.qa.APIdatadriven.DataDrivenApiTest">
        <test-method status="PASS" signature="addEmployees(java.lang.String, java.lang.String, java.lang.String)[pri:0, instance:com.qa.APIdatadriven.DataDrivenApiTest@6d00a15d]" name="addEmployees" duration-ms="6050" started-at="2019-12-28T12:24:44Z" data-provider="empdata1" finished-at="2019-12-28T12:24:50Z">
          <params>
            <param index="0">
              <value>
                <![CDATA[Tomm1234]]>
              </value>
            </param>
            <param index="1">
              <value>
                <![CDATA[]]>
              </value>
            </param>
            <param index="2">
              <value>
                <![CDATA[]]>
              </value>
            </param>
          </params>
          <reporter-output>
          </reporter-output>
        </test-method> <!-- addEmployees -->
        <test-method status="PASS" signature="addEmployees(java.lang.String, java.lang.String, java.lang.String)[pri:0, instance:com.qa.APIdatadriven.DataDrivenApiTest@6d00a15d]" name="addEmployees" duration-ms="870" started-at="2019-12-28T12:24:50Z" data-provider="empdata1" finished-at="2019-12-28T12:24:51Z">
          <params>
            <param index="0">
              <value>
                <![CDATA[jimm2345]]>
              </value>
            </param>
            <param index="1">
              <value>
                <![CDATA[]]>
              </value>
            </param>
            <param index="2">
              <value>
                <![CDATA[]]>
              </value>
            </param>
          </params>
          <reporter-output>
          </reporter-output>
        </test-method> <!-- addEmployees -->
        <test-method status="PASS" signature="addEmployees(java.lang.String, java.lang.String, java.lang.String)[pri:0, instance:com.qa.APIdatadriven.DataDrivenApiTest@6d00a15d]" name="addEmployees" duration-ms="603" started-at="2019-12-28T12:24:51Z" data-provider="empdata1" finished-at="2019-12-28T12:24:52Z">
          <params>
            <param index="0">
              <value>
                <![CDATA[kimm6775]]>
              </value>
            </param>
            <param index="1">
              <value>
                <![CDATA[]]>
              </value>
            </param>
            <param index="2">
              <value>
                <![CDATA[]]>
              </value>
            </param>
          </params>
          <reporter-output>
          </reporter-output>
        </test-method> <!-- addEmployees -->
      </class> <!-- com.qa.APIdatadriven.DataDrivenApiTest -->
    </test> <!-- Default test -->
  </suite> <!-- Default suite -->
</testng-results>
